\BOOKMARK [0][-]{chapter*.2}{\376\377\000L\000E\000M\000B\000A\000R\000\040\000P\000E\000N\000G\000E\000S\000A\000H\000A\000N}{}% 1
\BOOKMARK [0][-]{chapter*.3}{\376\377\000P\000E\000R\000N\000Y\000A\000T\000A\000A\000N\000\040\000O\000R\000I\000S\000I\000N\000A\000L\000I\000T\000A\000S}{}% 2
\BOOKMARK [0][-]{chapter*.4}{\376\377\000P\000E\000R\000N\000Y\000A\000T\000A\000A\000N\000\040\000P\000E\000N\000G\000G\000U\000N\000A\000A\000N\000\040\000A\000I}{}% 3
\BOOKMARK [0][-]{chapter*.6}{\376\377\000A\000B\000S\000T\000R\000A\000K}{}% 4
\BOOKMARK [0][-]{chapter*.7}{\376\377\000K\000A\000T\000A\000\040\000P\000E\000N\000G\000A\000N\000T\000A\000R}{}% 5
\BOOKMARK [0][-]{section*.8}{\376\377\000D\000A\000F\000T\000A\000R\000\040\000I\000S\000I}{}% 6
\BOOKMARK [0][-]{section*.9}{\376\377\000D\000A\000F\000T\000A\000R\000\040\000G\000A\000M\000B\000A\000R}{}% 7
\BOOKMARK [0][-]{section*.10}{\376\377\000D\000A\000F\000T\000A\000R\000\040\000T\000A\000B\000E\000L}{}% 8
\BOOKMARK [0][-]{chapter*.11}{\376\377\000D\000A\000F\000T\000A\000R\000\040\000P\000E\000R\000S\000A\000M\000A\000A\000N}{}% 9
\BOOKMARK [0][-]{chapter*.12}{\376\377\000D\000A\000F\000T\000A\000R\000\040\000A\000L\000G\000O\000R\000I\000T\000M\000A}{}% 10
\BOOKMARK [0][-]{chapter*.13}{\376\377\000D\000A\000F\000T\000A\000R\000\040\000L\000I\000S\000T\000I\000N\000G}{}% 11
\BOOKMARK [0][-]{chapter*.13}{\376\377\000D\000A\000F\000T\000A\000R\000\040\000S\000I\000M\000B\000O\000L}{}% 12
\BOOKMARK [0][-]{table.0.1}{\376\377\000D\000A\000F\000T\000A\000R\000\040\000S\000I\000N\000G\000K\000A\000T\000A\000N}{}% 13
\BOOKMARK [0][-]{chapter.1}{\376\377\000P\000E\000N\000D\000A\000H\000U\000L\000U\000A\000N}{}% 14
\BOOKMARK [1][-]{section.1.1}{\376\377\000L\000a\000t\000a\000r\000\040\000B\000e\000l\000a\000k\000a\000n\000g}{chapter.1}% 15
\BOOKMARK [1][-]{section.1.2}{\376\377\000R\000u\000m\000u\000s\000a\000n\000\040\000M\000a\000s\000a\000l\000a\000h}{chapter.1}% 16
\BOOKMARK [1][-]{section.1.3}{\376\377\000T\000u\000j\000u\000a\000n}{chapter.1}% 17
\BOOKMARK [1][-]{section.1.4}{\376\377\000B\000a\000t\000a\000s\000a\000n\000\040\000M\000a\000s\000a\000l\000a\000h}{chapter.1}% 18
\BOOKMARK [1][-]{section.1.5}{\376\377\000M\000e\000t\000o\000d\000o\000l\000o\000g\000i}{chapter.1}% 19
\BOOKMARK [1][-]{section.1.6}{\376\377\000S\000i\000s\000t\000e\000m\000a\000t\000i\000k\000a\000\040\000P\000e\000n\000u\000l\000i\000s\000a\000n}{chapter.1}% 20
\BOOKMARK [0][-]{chapter.2}{\376\377\000S\000T\000U\000D\000I\000\040\000L\000I\000T\000E\000R\000A\000T\000U\000R}{}% 21
\BOOKMARK [1][-]{section.2.1}{\376\377\000T\000u\000m\000o\000r\000\040\000O\000t\000a\000k}{chapter.2}% 22
\BOOKMARK [2][-]{subsection.2.1.1}{\376\377\000T\000e\000k\000n\000o\000l\000o\000g\000i\000\040\000P\000e\000n\000c\000i\000t\000r\000a\000a\000n\000\040\000M\000e\000d\000i\000s\000\040\000T\000u\000m\000o\000r\000\040\000O\000t\000a\000k}{section.2.1}% 23
\BOOKMARK [3][-]{subsubsection.2.1.1.1}{\376\377\000M\000R\000I}{subsection.2.1.1}% 24
\BOOKMARK [3][-]{subsubsection.2.1.1.2}{\376\377\000C\000T\000\040\000S\000c\000a\000n}{subsection.2.1.1}% 25
\BOOKMARK [1][-]{section.2.2}{\376\377\000A\000r\000t\000i\000f\000i\000c\000i\000a\000l\000\040\000I\000n\000t\000e\000l\000l\000i\000g\000e\000n\000c\000e\000\040\000\050\000A\000I\000\051\000\040\000d\000a\000l\000a\000m\000\040\000P\000e\000n\000c\000i\000t\000r\000a\000a\000n\000\040\000M\000e\000d\000i\000s}{chapter.2}% 26
\BOOKMARK [2][-]{subsection.2.2.1}{\376\377\000D\000e\000e\000p\000\040\000L\000e\000a\000r\000n\000i\000n\000g}{section.2.2}% 27
\BOOKMARK [1][-]{section.2.3}{\376\377\000E\000x\000p\000l\000a\000i\000n\000a\000b\000l\000e\000\040\000A\000I\000\040\000\050\000X\000A\000I\000\051}{chapter.2}% 28
\BOOKMARK [2][-]{subsection.2.3.1}{\376\377\000M\000e\000t\000o\000d\000e\000\040\000E\000x\000p\000l\000a\000i\000n\000a\000b\000l\000e\000\040\000A\000I\000\040\000\050\000X\000A\000I\000\051}{section.2.3}% 29
\BOOKMARK [3][-]{subsubsection.2.3.1.1}{\376\377\000A\000t\000t\000r\000i\000b\000u\000t\000i\000o\000n\000-\000b\000a\000s\000e\0